[debug] [2024-10-23T10:05:23.403Z] ----------------------------------------------------------------------
[debug] [2024-10-23T10:05:23.405Z] Command:       C:\Program Files\nodejs\node.exe C:\Users\Deepak Verma\AppData\Roaming\npm\node_modules\firebase-tools\lib\bin\firebase.js init
[debug] [2024-10-23T10:05:23.405Z] CLI Version:   13.19.0
[debug] [2024-10-23T10:05:23.406Z] Platform:      win32
[debug] [2024-10-23T10:05:23.406Z] Node Version:  v20.17.0
[debug] [2024-10-23T10:05:23.406Z] Time:          Wed Oct 23 2024 15:35:23 GMT+0530 (India Standard Time)
[debug] [2024-10-23T10:05:23.406Z] ----------------------------------------------------------------------
[debug] 
[debug] [2024-10-23T10:05:23.411Z] > command requires scopes: ["email","openid","https://www.googleapis.com/auth/cloudplatformprojects.readonly","https://www.googleapis.com/auth/firebase","https://www.googleapis.com/auth/cloud-platform"]
[debug] [2024-10-23T10:05:23.411Z] > authorizing via signed-in user (deepakradialcode@gmail.com)
[info] 
     ######## #### ########  ######## ########     ###     ######  ########
     ##        ##  ##     ## ##       ##     ##  ##   ##  ##       ##
     ######    ##  ########  ######   ########  #########  ######  ######
     ##        ##  ##    ##  ##       ##     ## ##     ##       ## ##
     ##       #### ##     ## ######## ########  ##     ##  ######  ########

You're about to initialize a Firebase project in this directory:

  C:\Users\Deepak Verma\Desktop\architectural

[info] 
=== Project Setup
[info] 
[info] First, let's associate this project directory with a Firebase project.
[info] You can create multiple project aliases by running firebase use --add, 
[info] but for now we'll just set up a default project.
[info] 
[info] i  If you want to create a project in a Google Cloud organization or folder, please use "firebase projects:create" instead, and return to this command when you've created the project. 
[debug] [2024-10-23T10:05:48.921Z] >>> [apiv2][query] POST https://cloudresourcemanager.googleapis.com/v1/projects [none]
[debug] [2024-10-23T10:05:48.921Z] >>> [apiv2][body] POST https://cloudresourcemanager.googleapis.com/v1/projects {"projectId":"architecture-build-123","name":"architecture-build-123"}
[debug] [2024-10-23T10:05:51.467Z] <<< [apiv2][status] POST https://cloudresourcemanager.googleapis.com/v1/projects 200
[debug] [2024-10-23T10:05:51.467Z] <<< [apiv2][body] POST https://cloudresourcemanager.googleapis.com/v1/projects {"name":"operations/cp.6784844347782077621"}
[debug] [2024-10-23T10:05:51.468Z] >>> [apiv2][query] GET https://cloudresourcemanager.googleapis.com/v1/operations/cp.6784844347782077621 [none]
[debug] [2024-10-23T10:05:53.110Z] <<< [apiv2][status] GET https://cloudresourcemanager.googleapis.com/v1/operations/cp.6784844347782077621 200
[debug] [2024-10-23T10:05:53.110Z] <<< [apiv2][body] GET https://cloudresourcemanager.googleapis.com/v1/operations/cp.6784844347782077621 {"name":"operations/cp.6784844347782077621","metadata":{"@type":"type.googleapis.com/google.cloudresourcemanager.v1.ProjectCreationStatus","ready":true},"done":true,"error":{"code":9,"message":"Callers must accept Terms of Service","details":[{"@type":"type.googleapis.com/google.rpc.PreconditionFailure","violations":[{"type":"TOS","subject":"cloud","description":"Callers must accept Terms of Service"}]}]}}
[debug] [2024-10-23T10:05:53.326Z] FirebaseError: Callers must accept Terms of Service
    at OperationPoller.poll (C:\Users\Deepak Verma\AppData\Roaming\npm\node_modules\firebase-tools\lib\operation-poller.js:24:19)
    at process.processTicksAndRejections (node:internal/process/task_queues:95:5)
    at async createCloudProject (C:\Users\Deepak Verma\AppData\Roaming\npm\node_modules\firebase-tools\lib\management\projects.js:186:29)
    at async createFirebaseProjectAndLog (C:\Users\Deepak Verma\AppData\Roaming\npm\node_modules\firebase-tools\lib\management\projects.js:45:9)
    at async promptAndCreateNewProject (C:\Users\Deepak Verma\AppData\Roaming\npm\node_modules\firebase-tools\lib\init\features\project.js:32:12)
    at async doSetup (C:\Users\Deepak Verma\AppData\Roaming\npm\node_modules\firebase-tools\lib\init\features\project.js:88:27)
    at async init (C:\Users\Deepak Verma\AppData\Roaming\npm\node_modules\firebase-tools\lib\init\index.js:40:9)
[error] 
[error] Error: Failed to create project. See firebase-debug.log for more info.
